--- forcing DTR inactive
--- forcing RTS inactive
--- Terminal on /dev/ttyACM1 | 115200 8-N-1
--- Available filters and text transformations: debug, default, direct, esp32_exception_decoder, hexlify, log2file, nocontrol, printable, send_on_enter, time
--- More details at https://bit.ly/pio-monitor-filters
--- Quit: Ctrl+C | Menu: Ctrl+T | Help: Ctrl+T followed by Ctrl+H
ESP-ROM:esp32s3-20210327
Build:Mar 27 2021
rst:0x15 (USB_UART_CHIP_RESET),boot:0xb (SPI_FAST_FLASH_BOOT)
Saved PC:0x420579de
SPIWP:0xee
mode:DIO, clock div:1
load:0x3fce3808,len:0x4bc
load:0x403c9700,len:0xbd8
load:0x403cc700,len:0x2a0c
entry 0x403c98d0
--- forcing DTR inactive
--- forcing RTS inactive
--- forcing DTR inactive
--- forcing RTS inactive
--- forcing DTR inactive
--- forcing RTS inactive
--- forcing DTR inactive
--- forcing RTS inactive
--- forcing DTR inactive
--- forcing RTS inactive
