--- forcing DTR inactive
--- forcing RTS inactive

Please build project in debug configuration to get more details about an exception.
See https://docs.platformio.org/page/projectconf/build_configurations.html


--- Terminal on /dev/ttyACM0 | 115200 8-N-1
--- Available filters and text transformations: debug, default, direct, esp32_exception_decoder, hexlify, log2file, nocontrol, printable, send_on_enter, time
--- More details at https://bit.ly/pio-monitor-filters
--- Quit: Ctrl+C | Menu: Ctrl+T | Help: Ctrl+T followed by Ctrl+H
--- forcing DTR inactive
--- forcing RTS inactive
--- forcing DTR inactive
--- forcing RTS inactive
--- forcing DTR inactive
--- forcing RTS inactive
--- forcing DTR inactive
--- forcing RTS inactive
--- forcing DTR inactive
--- forcing RTS inactive
--- forcing DTR inactive
--- forcing RTS inactive
